#
# There is insufficient memory for the Java Runtime Environment to continue.
# Native memory allocation (malloc) failed to allocate 1795488 bytes for Chunk::new
# Possible reasons:
#   The system is out of physical RAM or swap space
#   In 32 bit mode, the process size limit was hit
# Possible solutions:
#   Reduce memory load on the system
#   Increase physical memory or swap space
#   Check if swap backing store is full
#   Use 64 bit Java on a 64 bit OS
#   Decrease Java heap size (-Xmx/-Xms)
#   Decrease number of Java threads
#   Decrease Java thread stack sizes (-Xss)
#   Set larger code cache with -XX:ReservedCodeCacheSize=
# This output file may be truncated or incomplete.
#
#  Out of Memory Error (allocation.cpp:390), pid=129164, tid=0x000000000001fc68
#
# JRE version: Java(TM) SE Runtime Environment (8.0_131-b11) (build 1.8.0_131-b11)
# Java VM: Java HotSpot(TM) 64-Bit Server VM (25.131-b11 mixed mode windows-amd64 compressed oops)
# Failed to write core dump. Minidumps are not enabled by default on client versions of Windows
#

---------------  T H R E A D  ---------------

Current thread (0x000000001766e800):  JavaThread "C2 CompilerThread1" daemon [_thread_in_native, id=130152, stack(0x0000000019090000,0x0000000019190000)]

Stack: [0x0000000019090000,0x0000000019190000]
[error occurred during error reporting (printing stack bounds), id 0xc0000005]

Native frames: (J=compiled Java code, j=interpreted, Vv=VM code, C=native code)


Current CompileTask:
C2:   4438 1732   !   4       java.net.URLClassLoader$1::run (63 bytes)


---------------  P R O C E S S  ---------------

Java Threads: ( => current thread )
  0x0000000018a21800 JavaThread "Service Thread" daemon [_thread_blocked, id=130136, stack(0x0000000019290000,0x0000000019390000)]
  0x00000000189a6800 JavaThread "C1 CompilerThread2" daemon [_thread_blocked, id=130132, stack(0x0000000019190000,0x0000000019290000)]
=>0x000000001766e800 JavaThread "C2 CompilerThread1" daemon [_thread_in_native, id=130152, stack(0x0000000019090000,0x0000000019190000)]
  0x000000001766b800 JavaThread "C2 CompilerThread0" daemon [_thread_in_native, id=130148, stack(0x0000000018f90000,0x0000000019090000)]
  0x000000001766a000 JavaThread "Attach Listener" daemon [_thread_blocked, id=130144, stack(0x0000000018e90000,0x0000000018f90000)]
  0x0000000017620000 JavaThread "Signal Dispatcher" daemon [_thread_blocked, id=130240, stack(0x0000000018d90000,0x0000000018e90000)]
  0x0000000002acb800 JavaThread "Finalizer" daemon [_thread_blocked, id=130160, stack(0x0000000018890000,0x0000000018990000)]
  0x0000000002ac0800 JavaThread "Reference Handler" daemon [_thread_blocked, id=130156, stack(0x0000000018790000,0x0000000018890000)]
  0x00000000028cd800 JavaThread "main" [_thread_in_vm, id=130188, stack(0x00000000028d0000,0x00000000029d0000)]

Other Threads:
  0x00000000175d8000 VMThread [stack: 0x0000000018690000,0x0000000018790000] [id=130164]
  0x0000000018a5e000 WatcherThread [stack: 0x0000000019390000,0x0000000019490000] [id=130128]

VM state:not at safepoint (normal execution)

VM Mutex/Monitor currently owned by a thread: None

Heap:
 PSYoungGen      total 71680K, used 63867K [0x00000000d5e00000, 0x00000000da900000, 0x0000000100000000)
  eden space 66560K, 88% used [0x00000000d5e00000,0x00000000d9764c70,0x00000000d9f00000)
  from space 5120K, 99% used [0x00000000da400000,0x00000000da8fa380,0x00000000da900000)
  to   space 5120K, 0% used [0x00000000d9f00000,0x00000000d9f00000,0x00000000da400000)
 ParOldGen       total 87552K, used 3011K [0x0000000081a00000, 0x0000000086f80000, 0x00000000d5e00000)
  object space 87552K, 3% used [0x0000000081a00000,0x0000000081cf0cf0,0x0000000086f80000)
 Metaspace       used 15100K, capacity 15418K, committed 15616K, reserved 1062912K
  class space    used 1834K, capacity 1945K, committed 2048K, reserved 1048576K

Card table byte_map: [0x0000000011e90000,0x0000000012290000] byte_map_base: 0x0000000011a83000

Marking Bits: (ParMarkBitMap*) 0x0000000075bbc720
 Begin Bits: [0x0000000012940000, 0x00000000148d8000)
 End Bits:   [0x00000000148d8000, 0x0000000016870000)

Polling page: 0x0000000000820000

CodeCache: size=245760Kb used=6754Kb max_used=6754Kb free=239005Kb
 bounds [0x0000000002ad0000, 0x0000000003170000, 0x0000000011ad0000]
 total_blobs=2414 nmethods=2060 adapters=266
 compilation: enabled

Compilation events (10 events):
Event: 4.359 Thread 0x00000000189a6800 nmethod 2053 0x000000000315c810 code [0x000000000315c960, 0x000000000315cad0]
Event: 4.359 Thread 0x00000000189a6800 2054       2       org.apache.maven.plugin.descriptor.Parameter::setSince (6 bytes)
Event: 4.359 Thread 0x00000000189a6800 nmethod 2054 0x000000000315cb50 code [0x000000000315cca0, 0x000000000315ce10]
Event: 4.359 Thread 0x00000000189a6800 2055       2       java.util.LinkedList::contains (15 bytes)
Event: 4.359 Thread 0x00000000189a6800 nmethod 2055 0x000000000315ce90 code [0x000000000315d000, 0x000000000315d188]
Event: 4.360 Thread 0x00000000189a6800 2056       1       java.io.ExpiringCache::access$000 (5 bytes)
Event: 4.360 Thread 0x00000000189a6800 nmethod 2056 0x000000000315d210 code [0x000000000315d360, 0x000000000315d450]
Event: 4.364 Thread 0x00000000189a6800 2057       2       sun.nio.ch.FileKey::hashCode (42 bytes)
Event: 4.364 Thread 0x00000000189a6800 nmethod 2057 0x000000000315d4d0 code [0x000000000315d620, 0x000000000315d7b0]
Event: 4.366 Thread 0x00000000189a6800 2058       2       java.nio.HeapByteBuffer::compact (52 bytes)

GC Heap History (4 events):
Event: 1.965 GC heap before
{Heap before GC invocations=1 (full 0):
 PSYoungGen      total 38400K, used 33280K [0x00000000d5e00000, 0x00000000d8880000, 0x0000000100000000)
  eden space 33280K, 100% used [0x00000000d5e00000,0x00000000d7e80000,0x00000000d7e80000)
  from space 5120K, 0% used [0x00000000d8380000,0x00000000d8380000,0x00000000d8880000)
  to   space 5120K, 0% used [0x00000000d7e80000,0x00000000d7e80000,0x00000000d8380000)
 ParOldGen       total 87552K, used 0K [0x0000000081a00000, 0x0000000086f80000, 0x00000000d5e00000)
  object space 87552K, 0% used [0x0000000081a00000,0x0000000081a00000,0x0000000086f80000)
 Metaspace       used 8362K, capacity 8552K, committed 8832K, reserved 1056768K
  class space    used 1013K, capacity 1084K, committed 1152K, reserved 1048576K
Event: 1.994 GC heap after
Heap after GC invocations=1 (full 0):
 PSYoungGen      total 38400K, used 5103K [0x00000000d5e00000, 0x00000000da900000, 0x0000000100000000)
  eden space 33280K, 0% used [0x00000000d5e00000,0x00000000d5e00000,0x00000000d7e80000)
  from space 5120K, 99% used [0x00000000d7e80000,0x00000000d837bff8,0x00000000d8380000)
  to   space 5120K, 0% used [0x00000000da400000,0x00000000da400000,0x00000000da900000)
 ParOldGen       total 87552K, used 660K [0x0000000081a00000, 0x0000000086f80000, 0x00000000d5e00000)
  object space 87552K, 0% used [0x0000000081a00000,0x0000000081aa5298,0x0000000086f80000)
 Metaspace       used 8362K, capacity 8552K, committed 8832K, reserved 1056768K
  class space    used 1013K, capacity 1084K, committed 1152K, reserved 1048576K
}
Event: 2.757 GC heap before
{Heap before GC invocations=2 (full 0):
 PSYoungGen      total 38400K, used 38383K [0x00000000d5e00000, 0x00000000da900000, 0x0000000100000000)
  eden space 33280K, 100% used [0x00000000d5e00000,0x00000000d7e80000,0x00000000d7e80000)
  from space 5120K, 99% used [0x00000000d7e80000,0x00000000d837bff8,0x00000000d8380000)
  to   space 5120K, 0% used [0x00000000da400000,0x00000000da400000,0x00000000da900000)
 ParOldGen       total 87552K, used 660K [0x0000000081a00000, 0x0000000086f80000, 0x00000000d5e00000)
  object space 87552K, 0% used [0x0000000081a00000,0x0000000081aa5298,0x0000000086f80000)
 Metaspace       used 12026K, capacity 12282K, committed 12672K, reserved 1060864K
  class space    used 1494K, capacity 1577K, committed 1664K, reserved 1048576K
Event: 2.765 GC heap after
Heap after GC invocations=2 (full 0):
 PSYoungGen      total 71680K, used 5096K [0x00000000d5e00000, 0x00000000da900000, 0x0000000100000000)
  eden space 66560K, 0% used [0x00000000d5e00000,0x00000000d5e00000,0x00000000d9f00000)
  from space 5120K, 99% used [0x00000000da400000,0x00000000da8fa380,0x00000000da900000)
  to   space 5120K, 0% used [0x00000000d9f00000,0x00000000d9f00000,0x00000000da400000)
 ParOldGen       total 87552K, used 3011K [0x0000000081a00000, 0x0000000086f80000, 0x00000000d5e00000)
  object space 87552K, 3% used [0x0000000081a00000,0x0000000081cf0cf0,0x0000000086f80000)
 Metaspace       used 12026K, capacity 12282K, committed 12672K, reserved 1060864K
  class space    used 1494K, capacity 1577K, committed 1664K, reserved 1048576K
}

Deoptimization events (10 events):
Event: 3.504 Thread 0x00000000028cd800 Uncommon trap: reason=class_check action=maybe_recompile pc=0x0000000003070d60 method=java.lang.reflect.Field.get(Ljava/lang/Object;)Ljava/lang/Object; @ 45
Event: 3.504 Thread 0x00000000028cd800 Uncommon trap: reason=class_check action=maybe_recompile pc=0x0000000003070d60 method=java.lang.reflect.Field.get(Ljava/lang/Object;)Ljava/lang/Object; @ 45
Event: 3.504 Thread 0x00000000028cd800 Uncommon trap: reason=class_check action=maybe_recompile pc=0x0000000003070d60 method=java.lang.reflect.Field.get(Ljava/lang/Object;)Ljava/lang/Object; @ 45
Event: 3.504 Thread 0x00000000028cd800 Uncommon trap: reason=class_check action=maybe_recompile pc=0x0000000003070d60 method=java.lang.reflect.Field.get(Ljava/lang/Object;)Ljava/lang/Object; @ 45
Event: 3.648 Thread 0x00000000028cd800 Uncommon trap: reason=unstable_if action=reinterpret pc=0x0000000003057ff4 method=java.lang.reflect.AccessibleObject.setAccessible0(Ljava/lang/reflect/AccessibleObject;Z)V @ 4
Event: 3.668 Thread 0x00000000028cd800 Uncommon trap: reason=unstable_if action=reinterpret pc=0x0000000003000a14 method=org.codehaus.plexus.util.xml.pull.MXParser.nextImpl()I @ 879
Event: 3.717 Thread 0x00000000028cd800 Uncommon trap: reason=unstable_if action=reinterpret pc=0x0000000002fd56c8 method=sun.nio.cs.UTF_8$Decoder.decode([BII[C)I @ 30
Event: 3.786 Thread 0x00000000028cd800 Uncommon trap: reason=unstable_if action=reinterpret pc=0x0000000002e6d798 method=java.lang.String.regionMatches(ZILjava/lang/String;II)Z @ 25
Event: 3.855 Thread 0x00000000028cd800 Uncommon trap: reason=bimorphic action=maybe_recompile pc=0x000000000307f848 method=java.util.concurrent.ConcurrentHashMap.get(Ljava/lang/Object;)Ljava/lang/Object; @ 149
Event: 3.885 Thread 0x00000000028cd800 Uncommon trap: reason=bimorphic action=maybe_recompile pc=0x000000000307f848 method=java.util.concurrent.ConcurrentHashMap.get(Ljava/lang/Object;)Ljava/lang/Object; @ 149

Internal exceptions (10 events):
Event: 2.874 Thread 0x00000000028cd800 Exception <a 'java/lang/NoClassDefFoundError'> (0x00000000d63ad228) thrown at [C:\re\workspace\8-2-build-windows-amd64-cygwin\jdk8u131\8869\hotspot\src\share\vm\prims\jvm.cpp, line 1394]
Event: 2.875 Thread 0x00000000028cd800 Exception <a 'java/lang/NoClassDefFoundError': javax/annotation/Priority> (0x00000000d63b1dc8) thrown at [C:\re\workspace\8-2-build-windows-amd64-cygwin\jdk8u131\8869\hotspot\src\share\vm\classfile\systemDictionary.cpp, line 199]
Event: 3.145 Thread 0x00000000028cd800 Exception <a 'java/lang/NullPointerException'> (0x00000000d697ed48) thrown at [C:\re\workspace\8-2-build-windows-amd64-cygwin\jdk8u131\8869\hotspot\src\share\vm\interpreter\linkResolver.cpp, line 1197]
Event: 3.145 Thread 0x00000000028cd800 Exception <a 'java/lang/NullPointerException'> (0x00000000d697ef60) thrown at [C:\re\workspace\8-2-build-windows-amd64-cygwin\jdk8u131\8869\hotspot\src\share\vm\interpreter\linkResolver.cpp, line 1197]
Event: 3.145 Thread 0x00000000028cd800 Exception <a 'java/lang/NullPointerException'> (0x00000000d697f178) thrown at [C:\re\workspace\8-2-build-windows-amd64-cygwin\jdk8u131\8869\hotspot\src\share\vm\interpreter\linkResolver.cpp, line 1197]
Event: 3.146 Thread 0x00000000028cd800 Exception <a 'java/lang/NullPointerException'> (0x00000000d6987100) thrown at [C:\re\workspace\8-2-build-windows-amd64-cygwin\jdk8u131\8869\hotspot\src\share\vm\interpreter\linkResolver.cpp, line 1197]
Event: 3.146 Thread 0x00000000028cd800 Exception <a 'java/lang/NullPointerException'> (0x00000000d6987318) thrown at [C:\re\workspace\8-2-build-windows-amd64-cygwin\jdk8u131\8869\hotspot\src\share\vm\interpreter\linkResolver.cpp, line 1197]
Event: 3.146 Thread 0x00000000028cd800 Exception <a 'java/lang/NullPointerException'> (0x00000000d6987530) thrown at [C:\re\workspace\8-2-build-windows-amd64-cygwin\jdk8u131\8869\hotspot\src\share\vm\interpreter\linkResolver.cpp, line 1197]
Event: 3.244 Thread 0x00000000028cd800 Implicit null exception at 0x0000000002cfb656 to 0x0000000002cfb9f9
Event: 3.244 Thread 0x00000000028cd800 Implicit null exception at 0x0000000002ce4616 to 0x0000000002ce49c1

Events (10 events):
Event: 4.353 Thread 0x00000000028cd800 DEOPT PACKING pc=0x0000000002fdf9db sp=0x00000000029cd780
Event: 4.353 Thread 0x00000000028cd800 DEOPT UNPACKING pc=0x0000000002b1787f sp=0x00000000029cd580 mode 0
Event: 4.354 Thread 0x00000000028cd800 DEOPT PACKING pc=0x0000000002fdf9db sp=0x00000000029cd780
Event: 4.354 Thread 0x00000000028cd800 DEOPT UNPACKING pc=0x0000000002b1787f sp=0x00000000029cd580 mode 0
Event: 4.361 Thread 0x00000000028cd800 DEOPT PACKING pc=0x0000000002fdf9db sp=0x00000000029cd510
Event: 4.361 Thread 0x00000000028cd800 DEOPT UNPACKING pc=0x0000000002b1787f sp=0x00000000029cd310 mode 0
Event: 4.365 Thread 0x00000000028cd800 DEOPT PACKING pc=0x00000000030e6efa sp=0x00000000029cd4c0
Event: 4.365 Thread 0x00000000028cd800 DEOPT UNPACKING pc=0x0000000002b1787f sp=0x00000000029cd340 mode 0
Event: 4.365 Thread 0x00000000028cd800 DEOPT PACKING pc=0x0000000002fdf9db sp=0x00000000029cd3a0
Event: 4.365 Thread 0x00000000028cd800 DEOPT UNPACKING pc=0x0000000002b1787f sp=0x00000000029cd1a0 mode 0


Dynamic libraries:
0x00007ff610390000 - 0x00007ff6103c7000 	D:\JDK\bin\java.exe
0x00007ffb617c0000 - 0x00007ffb619b0000 	C:\WINDOWS\SYSTEM32\ntdll.dll
0x00007ffb5f9b0000 - 0x00007ffb5fa62000 	C:\WINDOWS\System32\KERNEL32.DLL
0x00007ffb5f1a0000 - 0x00007ffb5f443000 	C:\WINDOWS\System32\KERNELBASE.dll
0x00007ffb5fef0000 - 0x00007ffb5ff93000 	C:\WINDOWS\System32\ADVAPI32.dll
0x00007ffb61030000 - 0x00007ffb610ce000 	C:\WINDOWS\System32\msvcrt.dll
0x00007ffb60360000 - 0x00007ffb603f7000 	C:\WINDOWS\System32\sechost.dll
0x00007ffb60670000 - 0x00007ffb60790000 	C:\WINDOWS\System32\RPCRT4.dll
0x00007ffb607a0000 - 0x00007ffb60934000 	C:\WINDOWS\System32\USER32.dll
0x00007ffb5f640000 - 0x00007ffb5f661000 	C:\WINDOWS\System32\win32u.dll
0x00007ffb5faf0000 - 0x00007ffb5fb16000 	C:\WINDOWS\System32\GDI32.dll
0x00007ffb5f470000 - 0x00007ffb5f604000 	C:\WINDOWS\System32\gdi32full.dll
0x00007ffb5e7a0000 - 0x00007ffb5e83e000 	C:\WINDOWS\System32\msvcp_win.dll
0x00007ffb5e840000 - 0x00007ffb5e93a000 	C:\WINDOWS\System32\ucrtbase.dll
0x00007ffb54970000 - 0x00007ffb54bf5000 	C:\WINDOWS\WinSxS\amd64_microsoft.windows.common-controls_6595b64144ccf1df_6.0.18362.476_none_e6c4b11b130f2595\COMCTL32.dll
0x00007ffb60010000 - 0x00007ffb60346000 	C:\WINDOWS\System32\combase.dll
0x00007ffb5f0c0000 - 0x00007ffb5f140000 	C:\WINDOWS\System32\bcryptPrimitives.dll
0x00007ffb60470000 - 0x00007ffb6049e000 	C:\WINDOWS\System32\IMM32.DLL
0x00000000774e0000 - 0x00000000775b2000 	D:\JDK\jre\bin\msvcr100.dll
0x00000000753a0000 - 0x0000000075c3c000 	D:\JDK\jre\bin\server\jvm.dll
0x00007ffb60350000 - 0x00007ffb60358000 	C:\WINDOWS\System32\PSAPI.DLL
0x00007ffb5a090000 - 0x00007ffb5a0b4000 	C:\WINDOWS\SYSTEM32\WINMM.dll
0x00007ffb5a040000 - 0x00007ffb5a04a000 	C:\WINDOWS\SYSTEM32\VERSION.dll
0x00007ffb590e0000 - 0x00007ffb5910d000 	C:\WINDOWS\SYSTEM32\WINMMBASE.dll
0x00007ffb5e750000 - 0x00007ffb5e79a000 	C:\WINDOWS\System32\cfgmgr32.dll
0x00007ffb5d1b0000 - 0x00007ffb5d1b9000 	C:\WINDOWS\SYSTEM32\WSOCK32.dll
0x00007ffb60400000 - 0x00007ffb6046f000 	C:\WINDOWS\System32\WS2_32.dll
0x0000000050010000 - 0x000000005001f000 	D:\JDK\jre\bin\verify.dll
0x00000000774b0000 - 0x00000000774d9000 	D:\JDK\jre\bin\java.dll
0x0000000077490000 - 0x00000000774a6000 	D:\JDK\jre\bin\zip.dll
0x00007ffb60940000 - 0x00007ffb61025000 	C:\WINDOWS\System32\SHELL32.dll
0x00007ffb5fe40000 - 0x00007ffb5fee9000 	C:\WINDOWS\System32\shcore.dll
0x00007ffb5e940000 - 0x00007ffb5f0be000 	C:\WINDOWS\System32\windows.storage.dll
0x00007ffb5e6a0000 - 0x00007ffb5e6bf000 	C:\WINDOWS\System32\profapi.dll
0x00007ffb5e6e0000 - 0x00007ffb5e72a000 	C:\WINDOWS\System32\powrprof.dll
0x00007ffb5e690000 - 0x00007ffb5e6a0000 	C:\WINDOWS\System32\UMPDC.dll
0x00007ffb61650000 - 0x00007ffb616a2000 	C:\WINDOWS\System32\shlwapi.dll
0x00007ffb5e6c0000 - 0x00007ffb5e6d1000 	C:\WINDOWS\System32\kernel.appcore.dll
0x00007ffb5f450000 - 0x00007ffb5f467000 	C:\WINDOWS\System32\cryptsp.dll
0x00007ffb5c510000 - 0x00007ffb5c51a000 	F:\spring\apache-maven-3.6.1\lib\jansi-native\windows64\jansi.dll
0x0000000077470000 - 0x000000007748a000 	D:\JDK\jre\bin\net.dll
0x00007ffb5ded0000 - 0x00007ffb5df37000 	C:\WINDOWS\system32\mswsock.dll
0x0000000077330000 - 0x0000000077341000 	D:\JDK\jre\bin\nio.dll

VM Arguments:
jvm_args: -Dclassworlds.conf=F:/spring/apache-maven-3.6.1/bin/m2.conf -Dmaven.home=F:/spring/apache-maven-3.6.1 -Dlibrary.jansi.path=F:/spring/apache-maven-3.6.1/lib/jansi-native -Dmaven.multiModuleProjectDirectory=F:/gp/community 
java_command: org.codehaus.plexus.classworlds.launcher.Launcher -Dmybatis.generator.overwrite=true mybatis-generator:generate
java_class_path (initial): F:/spring/apache-maven-3.6.1/boot/plexus-classworlds-2.6.0.jar
Launcher Type: SUN_STANDARD

Environment Variables:
JAVA_HOME=D:/JDK
CLASSPATH=.;D:\JDK\lib;D:\JDK\lib\tools.jar；D:\tomcat\apache-tomcat-8.5.46\bin
PATH=F:\git\Git\mingw64\bin;F:\git\Git\usr\bin;C:\Users\ncliang55\bin;F:\阿里云\Xftp;C:\ProgramData\Oracle\Java\javapath;C:\Program Files (x86)\Common Files\Intel\Shared Libraries\redist\intel64\compiler;C:\Program Files (x86)\Intel\iCLS Client;C:\Program Files\Intel\iCLS Client;C:\WINDOWS\system32;C:\WINDOWS;C:\WINDOWS\System32\Wbem;C:\WINDOWS\System32\WindowsPowerShell\v1.0;C:\Program Files (x86)\Intel\Intel(R) Management Engine Components\DAL;C:\Program Files\Intel\Intel(R) Management Engine Components\DAL;C:\Program Files (x86)\Intel\Intel(R) Management Engine Components\IPT;C:\Program Files\Intel\Intel(R) Management Engine Components\IPT;C:\WINDOWS\System32\OpenSSH;D:\JDK\bi;D:\JDK\jre\bin;.;F:\python;F:\mysql\mysql-8.0.15-winx64\bin;F:\spring\apache-maven-3.6.1\bin;F:\spring\ideaspringboot\spring-2.0.0.M5\bin;D:\大四上\信息安全原理与技术\信息安全的大作业文件\OpenSSL-Win64\bin;C:\Users\ncliang55\AppData\Local\Microsoft\WindowsApps;C:\Users\ncliang55\AppData\Roaming\npm
USERNAME=ncliang55
OS=Windows_NT
PROCESSOR_IDENTIFIER=Intel64 Family 6 Model 78 Stepping 3, GenuineIntel



---------------  S Y S T E M  ---------------

OS: Windows 10.0 , 64 bit Build 18362 (10.0.18362.329)

CPU:total 4 (initial active 4) (2 cores per cpu, 2 threads per core) family 6 model 78 stepping 3, cmov, cx8, fxsr, mmx, sse, sse2, sse3, ssse3, sse4.1, sse4.2, popcnt, avx, avx2, aes, clmul, erms, 3dnowpref, lzcnt, ht, tsc, tscinvbit, bmi1, bmi2, adx

Memory: 4k page, physical 8276900k(480576k free), swap 12471204k(6944k free)

vm_info: Java HotSpot(TM) 64-Bit Server VM (25.131-b11) for windows-amd64 JRE (1.8.0_131-b11), built on Mar 15 2017 01:23:53 by "java_re" with MS VC++ 10.0 (VS2010)

time: Wed Dec 11 16:58:23 2019
elapsed time: 4 seconds (0d 0h 0m 4s)

