#
# There is insufficient memory for the Java Runtime Environment to continue.
# Native memory allocation (malloc) failed to allocate 362416 bytes for Chunk::new
# Possible reasons:
#   The system is out of physical RAM or swap space
#   In 32 bit mode, the process size limit was hit
# Possible solutions:
#   Reduce memory load on the system
#   Increase physical memory or swap space
#   Check if swap backing store is full
#   Use 64 bit Java on a 64 bit OS
#   Decrease Java heap size (-Xmx/-Xms)
#   Decrease number of Java threads
#   Decrease Java thread stack sizes (-Xss)
#   Set larger code cache with -XX:ReservedCodeCacheSize=
# This output file may be truncated or incomplete.
#
#  Out of Memory Error (allocation.cpp:390), pid=124892, tid=0x000000000001f420
#
# JRE version: Java(TM) SE Runtime Environment (8.0_131-b11) (build 1.8.0_131-b11)
# Java VM: Java HotSpot(TM) 64-Bit Server VM (25.131-b11 mixed mode windows-amd64 compressed oops)
# Failed to write core dump. Minidumps are not enabled by default on client versions of Windows
#

---------------  T H R E A D  ---------------

Current thread (0x00000000194e5800):  JavaThread "C2 CompilerThread0" daemon [_thread_in_native, id=128032, stack(0x0000000019bb0000,0x0000000019cb0000)]

Stack: [0x0000000019bb0000,0x0000000019cb0000]
[error occurred during error reporting (printing stack bounds), id 0xc0000005]

Native frames: (J=compiled Java code, j=interpreted, Vv=VM code, C=native code)


Current CompileTask:
C2:  11384 1280   !   4       java.lang.ClassLoader::loadClass (122 bytes)


---------------  P R O C E S S  ---------------

Java Threads: ( => current thread )
  0x0000000019575000 JavaThread "Service Thread" daemon [_thread_blocked, id=127584, stack(0x0000000019eb0000,0x0000000019fb0000)]
  0x0000000019547000 JavaThread "C1 CompilerThread2" daemon [_thread_blocked, id=120208, stack(0x0000000019db0000,0x0000000019eb0000)]
  0x00000000194ec000 JavaThread "C2 CompilerThread1" daemon [_thread_blocked, id=111844, stack(0x0000000019cb0000,0x0000000019db0000)]
=>0x00000000194e5800 JavaThread "C2 CompilerThread0" daemon [_thread_in_native, id=128032, stack(0x0000000019bb0000,0x0000000019cb0000)]
  0x00000000194cf000 JavaThread "Monitor Ctrl-Break" daemon [_thread_in_native, id=127976, stack(0x0000000019ab0000,0x0000000019bb0000)]
  0x0000000018160000 JavaThread "Attach Listener" daemon [_thread_blocked, id=106040, stack(0x00000000199b0000,0x0000000019ab0000)]
  0x000000001815f800 JavaThread "Signal Dispatcher" daemon [_thread_blocked, id=104168, stack(0x00000000198b0000,0x00000000199b0000)]
  0x000000000360c800 JavaThread "Finalizer" daemon [_thread_blocked, id=125300, stack(0x00000000193b0000,0x00000000194b0000)]
  0x0000000003600800 JavaThread "Reference Handler" daemon [_thread_blocked, id=128816, stack(0x00000000192b0000,0x00000000193b0000)]
  0x000000000340e000 JavaThread "main" [_thread_in_native, id=123024, stack(0x0000000003220000,0x0000000003320000)]

Other Threads:
  0x0000000018118800 VMThread [stack: 0x00000000191b0000,0x00000000192b0000] [id=128972]
  0x00000000195bb800 WatcherThread [stack: 0x0000000019fb0000,0x000000001a0b0000] [id=124968]

VM state:not at safepoint (normal execution)

VM Mutex/Monitor currently owned by a thread: None

Heap:
 PSYoungGen      total 38400K, used 20769K [0x00000000d5e00000, 0x00000000d8880000, 0x0000000100000000)
  eden space 33280K, 47% used [0x00000000d5e00000,0x00000000d6d49388,0x00000000d7e80000)
  from space 5120K, 99% used [0x00000000d8380000,0x00000000d887f2d0,0x00000000d8880000)
  to   space 5120K, 0% used [0x00000000d7e80000,0x00000000d7e80000,0x00000000d8380000)
 ParOldGen       total 87552K, used 1598K [0x0000000081a00000, 0x0000000086f80000, 0x00000000d5e00000)
  object space 87552K, 1% used [0x0000000081a00000,0x0000000081b8fb30,0x0000000086f80000)
 Metaspace       used 13285K, capacity 13594K, committed 13824K, reserved 1060864K
  class space    used 1649K, capacity 1737K, committed 1792K, reserved 1048576K

Card table byte_map: [0x00000000129d0000,0x0000000012dd0000] byte_map_base: 0x00000000125c3000

Marking Bits: (ParMarkBitMap*) 0x0000000075bbc720
 Begin Bits: [0x0000000013480000, 0x0000000015418000)
 End Bits:   [0x0000000015418000, 0x00000000173b0000)

Polling page: 0x0000000000df0000

CodeCache: size=245760Kb used=4760Kb max_used=4765Kb free=240999Kb
 bounds [0x0000000003610000, 0x0000000003ac0000, 0x0000000012610000]
 total_blobs=1673 nmethods=1326 adapters=259
 compilation: enabled

Compilation events (10 events):
Event: 11.371 Thread 0x0000000019547000 nmethod 1323 0x0000000003aab510 code [0x0000000003aab7c0, 0x0000000003aac998]
Event: 11.371 Thread 0x0000000019547000 1324   !   3       com.google.common.cache.LocalCache$Segment::lockedGetOrLoad (447 bytes)
Event: 11.376 Thread 0x0000000019547000 nmethod 1324 0x0000000003aad790 code [0x0000000003aadd60, 0x0000000003ab1d98]
Event: 11.376 Thread 0x0000000019547000 1327       3       com.google.inject.internal.FailableCache::get (38 bytes)
Event: 11.378 Thread 0x0000000019547000 nmethod 1327 0x0000000003ab6690 code [0x0000000003ab68e0, 0x0000000003ab76f8]
Event: 11.378 Thread 0x0000000019547000 1326       3       java.lang.reflect.Field::getGenericType (20 bytes)
Event: 11.378 Thread 0x00000000194ec000 nmethod 1321 0x0000000003ab83d0 code [0x0000000003ab8560, 0x0000000003ab8ad8]
Event: 11.378 Thread 0x00000000194ec000 1322       4       sun.misc.ProxyGenerator$ConstantPool$Entry::<init> (5 bytes)
Event: 11.378 Thread 0x00000000194ec000 nmethod 1322 0x0000000003a6d4d0 code [0x0000000003a6d600, 0x0000000003a6d658]
Event: 11.379 Thread 0x0000000019547000 nmethod 1326 0x0000000003ab9ed0 code [0x0000000003aba120, 0x0000000003abaea8]

GC Heap History (4 events):
Event: 9.127 GC heap before
{Heap before GC invocations=1 (full 0):
 PSYoungGen      total 38400K, used 33280K [0x00000000d5e00000, 0x00000000d8880000, 0x0000000100000000)
  eden space 33280K, 100% used [0x00000000d5e00000,0x00000000d7e80000,0x00000000d7e80000)
  from space 5120K, 0% used [0x00000000d8380000,0x00000000d8380000,0x00000000d8880000)
  to   space 5120K, 0% used [0x00000000d7e80000,0x00000000d7e80000,0x00000000d8380000)
 ParOldGen       total 87552K, used 0K [0x0000000081a00000, 0x0000000086f80000, 0x00000000d5e00000)
  object space 87552K, 0% used [0x0000000081a00000,0x0000000081a00000,0x0000000086f80000)
 Metaspace       used 8874K, capacity 9096K, committed 9344K, reserved 1056768K
  class space    used 1058K, capacity 1116K, committed 1152K, reserved 1048576K
Event: 9.133 GC heap after
Heap after GC invocations=1 (full 0):
 PSYoungGen      total 38400K, used 5116K [0x00000000d5e00000, 0x00000000d8880000, 0x0000000100000000)
  eden space 33280K, 0% used [0x00000000d5e00000,0x00000000d5e00000,0x00000000d7e80000)
  from space 5120K, 99% used [0x00000000d7e80000,0x00000000d837f388,0x00000000d8380000)
  to   space 5120K, 0% used [0x00000000d8380000,0x00000000d8380000,0x00000000d8880000)
 ParOldGen       total 87552K, used 266K [0x0000000081a00000, 0x0000000086f80000, 0x00000000d5e00000)
  object space 87552K, 0% used [0x0000000081a00000,0x0000000081a42888,0x0000000086f80000)
 Metaspace       used 8874K, capacity 9096K, committed 9344K, reserved 1056768K
  class space    used 1058K, capacity 1116K, committed 1152K, reserved 1048576K
}
Event: 10.775 GC heap before
{Heap before GC invocations=2 (full 0):
 PSYoungGen      total 38400K, used 38396K [0x00000000d5e00000, 0x00000000d8880000, 0x0000000100000000)
  eden space 33280K, 100% used [0x00000000d5e00000,0x00000000d7e80000,0x00000000d7e80000)
  from space 5120K, 99% used [0x00000000d7e80000,0x00000000d837f388,0x00000000d8380000)
  to   space 5120K, 0% used [0x00000000d8380000,0x00000000d8380000,0x00000000d8880000)
 ParOldGen       total 87552K, used 266K [0x0000000081a00000, 0x0000000086f80000, 0x00000000d5e00000)
  object space 87552K, 0% used [0x0000000081a00000,0x0000000081a42888,0x0000000086f80000)
 Metaspace       used 11765K, capacity 11972K, committed 12288K, reserved 1060864K
  class space    used 1424K, capacity 1477K, committed 1536K, reserved 1048576K
Event: 10.785 GC heap after
Heap after GC invocations=2 (full 0):
 PSYoungGen      total 38400K, used 5116K [0x00000000d5e00000, 0x00000000d8880000, 0x0000000100000000)
  eden space 33280K, 0% used [0x00000000d5e00000,0x00000000d5e00000,0x00000000d7e80000)
  from space 5120K, 99% used [0x00000000d8380000,0x00000000d887f2d0,0x00000000d8880000)
  to   space 5120K, 0% used [0x00000000d7e80000,0x00000000d7e80000,0x00000000d8380000)
 ParOldGen       total 87552K, used 1598K [0x0000000081a00000, 0x0000000086f80000, 0x00000000d5e00000)
  object space 87552K, 1% used [0x0000000081a00000,0x0000000081b8fb30,0x0000000086f80000)
 Metaspace       used 11765K, capacity 11972K, committed 12288K, reserved 1060864K
  class space    used 1424K, capacity 1477K, committed 1536K, reserved 1048576K
}

Deoptimization events (10 events):
Event: 9.220 Thread 0x000000000340e000 Uncommon trap: reason=unstable_if action=reinterpret pc=0x000000000390b4e0 method=sun.nio.cs.StreamDecoder.implRead([CII)I @ 197
Event: 9.269 Thread 0x000000000340e000 Uncommon trap: reason=unstable_if action=reinterpret pc=0x0000000003926728 method=org.codehaus.plexus.util.xml.pull.MXParser.nextImpl()I @ 241
Event: 9.454 Thread 0x000000000340e000 Uncommon trap: reason=unstable_if action=reinterpret pc=0x0000000003890cfc method=java.util.HashMap.getNode(ILjava/lang/Object;)Ljava/util/HashMap$Node; @ 129
Event: 9.455 Thread 0x000000000340e000 Uncommon trap: reason=class_check action=maybe_recompile pc=0x0000000003930fc8 method=java.util.HashMap.putVal(ILjava/lang/Object;Ljava/lang/Object;ZZ)Ljava/lang/Object; @ 203
Event: 9.455 Thread 0x000000000340e000 Uncommon trap: reason=unstable_if action=reinterpret pc=0x0000000003892db8 method=java.util.HashMap.getNode(ILjava/lang/Object;)Ljava/util/HashMap$Node; @ 129
Event: 9.480 Thread 0x000000000340e000 Uncommon trap: reason=range_check action=make_not_entrant pc=0x0000000003974120 method=sun.reflect.generics.parser.SignatureParser.current()C @ 34
Event: 9.629 Thread 0x000000000340e000 Uncommon trap: reason=class_check action=maybe_recompile pc=0x0000000003930fc8 method=java.util.HashMap.putVal(ILjava/lang/Object;Ljava/lang/Object;ZZ)Ljava/lang/Object; @ 203
Event: 9.631 Thread 0x000000000340e000 Uncommon trap: reason=class_check action=maybe_recompile pc=0x0000000003930fc8 method=java.util.HashMap.putVal(ILjava/lang/Object;Ljava/lang/Object;ZZ)Ljava/lang/Object; @ 203
Event: 9.636 Thread 0x000000000340e000 Uncommon trap: reason=class_check action=maybe_recompile pc=0x0000000003930fc8 method=java.util.HashMap.putVal(ILjava/lang/Object;Ljava/lang/Object;ZZ)Ljava/lang/Object; @ 203
Event: 11.312 Thread 0x000000000340e000 Uncommon trap: reason=class_check action=maybe_recompile pc=0x000000000392b884 method=java.util.HashMap.putVal(ILjava/lang/Object;Ljava/lang/Object;ZZ)Ljava/lang/Object; @ 203

Internal exceptions (10 events):
Event: 3.478 Thread 0x000000000340e000 Exception <a 'java/security/PrivilegedActionException'> (0x00000000d632ef90) thrown at [C:\re\workspace\8-2-build-windows-amd64-cygwin\jdk8u131\8869\hotspot\src\share\vm\prims\jvm.cpp, line 1390]
Event: 3.478 Thread 0x000000000340e000 Exception <a 'java/security/PrivilegedActionException'> (0x00000000d6331068) thrown at [C:\re\workspace\8-2-build-windows-amd64-cygwin\jdk8u131\8869\hotspot\src\share\vm\prims\jvm.cpp, line 1390]
Event: 3.478 Thread 0x000000000340e000 Exception <a 'java/security/PrivilegedActionException'> (0x00000000d6331460) thrown at [C:\re\workspace\8-2-build-windows-amd64-cygwin\jdk8u131\8869\hotspot\src\share\vm\prims\jvm.cpp, line 1390]
Event: 8.834 Thread 0x000000000340e000 Exception <a 'java/lang/ArrayIndexOutOfBoundsException'> (0x00000000d7825f18) thrown at [C:\re\workspace\8-2-build-windows-amd64-cygwin\jdk8u131\8869\hotspot\src\share\vm\runtime\sharedRuntime.cpp, line 605]
Event: 8.838 Thread 0x000000000340e000 Exception <a 'java/lang/ArrayIndexOutOfBoundsException'> (0x00000000d7844bb8) thrown at [C:\re\workspace\8-2-build-windows-amd64-cygwin\jdk8u131\8869\hotspot\src\share\vm\runtime\sharedRuntime.cpp, line 605]
Event: 8.884 Thread 0x000000000340e000 Exception <a 'java/lang/ArrayIndexOutOfBoundsException'> (0x00000000d788aa98) thrown at [C:\re\workspace\8-2-build-windows-amd64-cygwin\jdk8u131\8869\hotspot\src\share\vm\runtime\sharedRuntime.cpp, line 605]
Event: 9.273 Thread 0x000000000340e000 Exception <a 'java/lang/ArrayIndexOutOfBoundsException'> (0x00000000d63f59d0) thrown at [C:\re\workspace\8-2-build-windows-amd64-cygwin\jdk8u131\8869\hotspot\src\share\vm\runtime\sharedRuntime.cpp, line 605]
Event: 9.277 Thread 0x000000000340e000 Exception <a 'java/lang/ArrayIndexOutOfBoundsException'> (0x00000000d63fa318) thrown at [C:\re\workspace\8-2-build-windows-amd64-cygwin\jdk8u131\8869\hotspot\src\share\vm\runtime\sharedRuntime.cpp, line 605]
Event: 9.448 Thread 0x000000000340e000 Exception <a 'java/lang/ArrayIndexOutOfBoundsException'> (0x00000000d668ef58) thrown at [C:\re\workspace\8-2-build-windows-amd64-cygwin\jdk8u131\8869\hotspot\src\share\vm\runtime\sharedRuntime.cpp, line 605]
Event: 9.480 Thread 0x000000000340e000 Exception <a 'java/lang/ArrayIndexOutOfBoundsException': 66> (0x00000000d675adf8) thrown at [C:\re\workspace\8-2-build-windows-amd64-cygwin\jdk8u131\8869\hotspot\src\share\vm\interpreter\interpreterRuntime.cpp, line 366]

Events (10 events):
Event: 11.376 loading class com/google/inject/internal/LookupProcessor
Event: 11.376 loading class com/google/inject/internal/LookupProcessor done
Event: 11.378 loading class com/google/common/collect/AbstractMultimap$Values
Event: 11.378 loading class com/google/common/collect/AbstractMultimap$Values done
Event: 11.379 loading class com/google/common/collect/AbstractMapBasedMultimap$AsMap
Event: 11.379 loading class com/google/common/collect/AbstractMapBasedMultimap$AsMap done
Event: 11.379 loading class com/google/common/collect/Maps$ViewCachingAbstractMap
Event: 11.379 loading class com/google/common/collect/Maps$ViewCachingAbstractMap done
Event: 11.380 loading class com/google/common/collect/Maps$Values
Event: 11.380 loading class com/google/common/collect/Maps$Values done


Dynamic libraries:
0x00007ff610390000 - 0x00007ff6103c7000 	D:\JDK\bin\java.exe
0x00007ffb617c0000 - 0x00007ffb619b0000 	C:\WINDOWS\SYSTEM32\ntdll.dll
0x00007ffb5f9b0000 - 0x00007ffb5fa62000 	C:\WINDOWS\System32\KERNEL32.DLL
0x00007ffb5f1a0000 - 0x00007ffb5f443000 	C:\WINDOWS\System32\KERNELBASE.dll
0x00007ffb5fef0000 - 0x00007ffb5ff93000 	C:\WINDOWS\System32\ADVAPI32.dll
0x00007ffb61030000 - 0x00007ffb610ce000 	C:\WINDOWS\System32\msvcrt.dll
0x00007ffb60360000 - 0x00007ffb603f7000 	C:\WINDOWS\System32\sechost.dll
0x00007ffb60670000 - 0x00007ffb60790000 	C:\WINDOWS\System32\RPCRT4.dll
0x00007ffb607a0000 - 0x00007ffb60934000 	C:\WINDOWS\System32\USER32.dll
0x00007ffb5f640000 - 0x00007ffb5f661000 	C:\WINDOWS\System32\win32u.dll
0x00007ffb5faf0000 - 0x00007ffb5fb16000 	C:\WINDOWS\System32\GDI32.dll
0x00007ffb5f470000 - 0x00007ffb5f604000 	C:\WINDOWS\System32\gdi32full.dll
0x00007ffb5e7a0000 - 0x00007ffb5e83e000 	C:\WINDOWS\System32\msvcp_win.dll
0x00007ffb5e840000 - 0x00007ffb5e93a000 	C:\WINDOWS\System32\ucrtbase.dll
0x00007ffb54970000 - 0x00007ffb54bf5000 	C:\WINDOWS\WinSxS\amd64_microsoft.windows.common-controls_6595b64144ccf1df_6.0.18362.476_none_e6c4b11b130f2595\COMCTL32.dll
0x00007ffb60010000 - 0x00007ffb60346000 	C:\WINDOWS\System32\combase.dll
0x00007ffb5f0c0000 - 0x00007ffb5f140000 	C:\WINDOWS\System32\bcryptPrimitives.dll
0x00007ffb60470000 - 0x00007ffb6049e000 	C:\WINDOWS\System32\IMM32.DLL
0x00000000774e0000 - 0x00000000775b2000 	D:\JDK\jre\bin\msvcr100.dll
0x00000000753a0000 - 0x0000000075c3c000 	D:\JDK\jre\bin\server\jvm.dll
0x00007ffb60350000 - 0x00007ffb60358000 	C:\WINDOWS\System32\PSAPI.DLL
0x00007ffb5a090000 - 0x00007ffb5a0b4000 	C:\WINDOWS\SYSTEM32\WINMM.dll
0x00007ffb5a040000 - 0x00007ffb5a04a000 	C:\WINDOWS\SYSTEM32\VERSION.dll
0x00007ffb5d1b0000 - 0x00007ffb5d1b9000 	C:\WINDOWS\SYSTEM32\WSOCK32.dll
0x00007ffb60400000 - 0x00007ffb6046f000 	C:\WINDOWS\System32\WS2_32.dll
0x00007ffb590e0000 - 0x00007ffb5910d000 	C:\WINDOWS\SYSTEM32\winmmbase.dll
0x00007ffb5e750000 - 0x00007ffb5e79a000 	C:\WINDOWS\System32\cfgmgr32.dll
0x0000000050010000 - 0x000000005001f000 	D:\JDK\jre\bin\verify.dll
0x00000000774b0000 - 0x00000000774d9000 	D:\JDK\jre\bin\java.dll
0x0000000077300000 - 0x0000000077323000 	D:\JDK\jre\bin\instrument.dll
0x0000000077490000 - 0x00000000774a6000 	D:\JDK\jre\bin\zip.dll
0x00007ffb60940000 - 0x00007ffb61025000 	C:\WINDOWS\System32\SHELL32.dll
0x00007ffb5fe40000 - 0x00007ffb5fee9000 	C:\WINDOWS\System32\shcore.dll
0x00007ffb5e940000 - 0x00007ffb5f0be000 	C:\WINDOWS\System32\windows.storage.dll
0x00007ffb5e6a0000 - 0x00007ffb5e6bf000 	C:\WINDOWS\System32\profapi.dll
0x00007ffb5e6e0000 - 0x00007ffb5e72a000 	C:\WINDOWS\System32\powrprof.dll
0x00007ffb5e690000 - 0x00007ffb5e6a0000 	C:\WINDOWS\System32\UMPDC.dll
0x00007ffb61650000 - 0x00007ffb616a2000 	C:\WINDOWS\System32\shlwapi.dll
0x00007ffb5e6c0000 - 0x00007ffb5e6d1000 	C:\WINDOWS\System32\kernel.appcore.dll
0x00007ffb5f450000 - 0x00007ffb5f467000 	C:\WINDOWS\System32\cryptsp.dll
0x00007ffb58ce0000 - 0x00007ffb58cfa000 	F:\idea\IntelliJ IDEA 2019.1.1\bin\breakgen64.dll
0x0000000077470000 - 0x000000007748a000 	D:\JDK\jre\bin\net.dll
0x00007ffb5ded0000 - 0x00007ffb5df37000 	C:\WINDOWS\system32\mswsock.dll
0x00007ffb5d9e0000 - 0x00007ffb5da13000 	C:\WINDOWS\system32\rsaenh.dll
0x00007ffb5f610000 - 0x00007ffb5f636000 	C:\WINDOWS\System32\bcrypt.dll
0x00007ffb5e5b0000 - 0x00007ffb5e5d5000 	C:\WINDOWS\SYSTEM32\USERENV.dll
0x00007ffb5e0a0000 - 0x00007ffb5e0ac000 	C:\WINDOWS\SYSTEM32\CRYPTBASE.dll
0x00007ffb5db80000 - 0x00007ffb5dbba000 	C:\WINDOWS\SYSTEM32\IPHLPAPI.DLL
0x00007ffb60790000 - 0x00007ffb60798000 	C:\WINDOWS\System32\NSI.dll
0x00007ffb58050000 - 0x00007ffb58066000 	C:\WINDOWS\SYSTEM32\dhcpcsvc6.DLL
0x00007ffb58000000 - 0x00007ffb5801c000 	C:\WINDOWS\SYSTEM32\dhcpcsvc.DLL
0x00007ffb5dbc0000 - 0x00007ffb5dc8a000 	C:\WINDOWS\SYSTEM32\DNSAPI.dll
0x0000000077330000 - 0x0000000077341000 	D:\JDK\jre\bin\nio.dll
0x00007ffb55690000 - 0x00007ffb5569a000 	C:\Users\ncliang55\AppData\Local\Temp\jansi-1.17.1-7663313317273173135.dll
0x00007ffb55390000 - 0x00007ffb5539a000 	C:\Users\ncliang55\AppData\Local\Temp\jansi-1.17.1-7713752487740575923.dll

VM Arguments:
jvm_args: -Dmaven.multiModuleProjectDirectory=F:\gp\community -Dmaven.home=F:\spring\apache-maven-3.6.1 -Dclassworlds.conf=F:\spring\apache-maven-3.6.1\bin\m2.conf -javaagent:F:\idea\IntelliJ IDEA 2019.1.1\lib\idea_rt.jar=60092:F:\idea\IntelliJ IDEA 2019.1.1\bin -Dfile.encoding=UTF-8 
java_command: org.codehaus.classworlds.Launcher -Didea.version2019.1.1 -s F:\spring\apache-maven-3.6.1\conf\settings.xml org.mybatis.generator:mybatis-generator-maven-plugin:1.3.7:generate
java_class_path (initial): F:\spring\apache-maven-3.6.1\boot\plexus-classworlds-2.6.0.jar;F:\idea\IntelliJ IDEA 2019.1.1\lib\idea_rt.jar
Launcher Type: SUN_STANDARD

Environment Variables:
JAVA_HOME=D:\JDK
CLASSPATH=.;D:\JDK\lib;D:\JDK\lib\tools.jar；D:\tomcat\apache-tomcat-8.5.46\bin
PATH=F:\阿里云\Xftp\;C:\ProgramData\Oracle\Java\javapath;C:\Program Files (x86)\Common Files\Intel\Shared Libraries\redist\intel64\compiler;C:\Program Files (x86)\Intel\iCLS Client\;C:\Program Files\Intel\iCLS Client\;C:\WINDOWS\system32;C:\WINDOWS;C:\WINDOWS\System32\Wbem;C:\WINDOWS\System32\WindowsPowerShell\v1.0\;C:\Program Files (x86)\Intel\Intel(R) Management Engine Components\DAL;C:\Program Files\Intel\Intel(R) Management Engine Components\DAL;C:\Program Files (x86)\Intel\Intel(R) Management Engine Components\IPT;C:\Program Files\Intel\Intel(R) Management Engine Components\IPT;C:\WINDOWS\System32\OpenSSH\;"D:\JDK\bin;D:\JDK\jre\bin;";F:\python;F:\mysql\mysql-8.0.15-winx64\bin;F:\spring\apache-maven-3.6.1\bin;F:\spring\ideaspringboot\spring-2.0.0.M5\bin;D:\大四上\信息安全原理与技术\信息安全的大作业文件\OpenSSL-Win64\bin;C:\Users\ncliang55\AppData\Local\Microsoft\WindowsApps;C:\Users\ncliang55\AppData\Roaming\npm;
USERNAME=ncliang55
OS=Windows_NT
PROCESSOR_IDENTIFIER=Intel64 Family 6 Model 78 Stepping 3, GenuineIntel



---------------  S Y S T E M  ---------------

OS: Windows 10.0 , 64 bit Build 18362 (10.0.18362.329)

CPU:total 4 (initial active 4) (2 cores per cpu, 2 threads per core) family 6 model 78 stepping 3, cmov, cx8, fxsr, mmx, sse, sse2, sse3, ssse3, sse4.1, sse4.2, popcnt, avx, avx2, aes, clmul, erms, 3dnowpref, lzcnt, ht, tsc, tscinvbit, bmi1, bmi2, adx

Memory: 4k page, physical 8276900k(518616k free), swap 12471204k(3160k free)

vm_info: Java HotSpot(TM) 64-Bit Server VM (25.131-b11) for windows-amd64 JRE (1.8.0_131-b11), built on Mar 15 2017 01:23:53 by "java_re" with MS VC++ 10.0 (VS2010)

time: Wed Dec 11 15:41:32 2019
elapsed time: 11 seconds (0d 0h 0m 11s)

